A0A021WW32 [-0.03606246 -0.01861037 -0.009504    0.04615484  0.03250784  0.03710574
  0.04208963  0.03959762  0.05486397  0.02596879  0.02437145 -0.00500172
  0.01339678 -0.01954783  0.01419695  0.01996015  0.04372361 -0.01296109
  0.02506819 -0.01399953  0.02374094  0.06512783 -0.02932927  0.00186256
  0.00810841  0.0026053  -0.02853323  0.03312564 -0.03519195 -0.04293977
 -0.0339314   0.01872902 -0.04037376  0.03061615  0.02343579  0.02472131
  0.0260462   0.01962205  0.02118931 -0.00392774  0.03743319  0.05130114
 -0.00733691  0.00193934 -0.02811906  0.00457817  0.02694011 -0.03644023
 -0.01123749  0.02816814  0.04620524  0.02853445 -0.01195289  0.01942546
 -0.05365792  0.0087761  -0.00234237 -0.00201961  0.00932485 -0.02874386
  0.03676541  0.01451022 -0.04405008  0.0322992   0.00564483 -0.0028206
 -0.04679357  0.05521384  0.03491683 -0.01005041  0.0036194   0.06403358
  0.01719473  0.01717792  0.01565468 -0.02577724  0.00779381  0.01603061
 -0.0351996  -0.01064034 -0.01807014  0.02586666 -0.00836394 -0.06961402
  0.01992756 -0.00420265  0.01904727 -0.00843538 -0.0065486   0.03248052
 -0.00887935  0.03746689 -0.0192683   0.04993264 -0.02607756  0.00648308
  0.01500176 -0.01860241 -0.01103168 -0.03879162  0.01994324 -0.00518331
 -0.01828747  0.0314309   0.02297185 -0.02643678 -0.00660532  0.0424562
  0.00424282 -0.03789086 -0.01050407 -0.03519899  0.00726575  0.04575294
 -0.00143336  0.02047349 -0.02421691 -0.01151534  0.01968346  0.00117857
  0.03271426 -0.02979166 -0.00672508  0.00583293  0.012269    0.02391515
 -0.00154063 -0.00540428  0.0338997  -0.00657599  0.04808448 -0.03669382
 -0.0289789   0.03364602 -0.00047082  0.03753386 -0.0029364  -0.02864629
  0.02781076  0.00436527  0.04085762 -0.00840923  0.03187585  0.01642676
  0.05293952 -0.01709634  0.01307616  0.02577974  0.03463218 -0.0629032
 -0.02561148  0.01766803 -0.00248356 -0.05010839 -0.014065   -0.00335783
  0.01017054 -0.00358918  0.02078317 -0.0186979   0.02781605  0.05479031
 -0.01000836  0.00838301 -0.00887881 -0.004086   -0.01729655  0.04156226
 -0.00737557 -0.00836478  0.00219193  0.00906456  0.00406466  0.03243787
  0.03747438 -0.00541947  0.02477744 -0.03440936  0.00127687  0.03438043
 -0.00451076  0.01586543 -0.00548162 -0.04289436 -0.07196113 -0.03335271
 -0.03321014  0.01092954  0.0279038   0.00666554 -0.00101996 -0.01093404
 -0.00016811  0.00028596 -0.04079857  0.00621284  0.03085257  0.04827708
 -0.01660185  0.0015438 ]
A0A021WW64 [ 0.02462246 -0.0075988   0.01099838 -0.01862746 -0.02119826 -0.00699116
 -0.0128301  -0.00028561 -0.03648032 -0.00041706  0.01352612 -0.01494413
 -0.00894652  0.01177638 -0.00213268  0.00377005 -0.0073585   0.01813485
  0.00824448 -0.0053743   0.00921456 -0.00819206 -0.00038773 -0.02255269
 -0.0040826  -0.00703517  0.01822198  0.00419592  0.00831267 -0.00610402
  0.01944813 -0.0015167   0.01395529 -0.02210845 -0.0055492  -0.01862456
  0.0126719   0.00038049 -0.01470153  0.0181364  -0.01808837 -0.03460481
  0.00912851  0.01168826  0.00636227  0.01609832 -0.00614741  0.00790174
  0.01067521 -0.00769325 -0.00433702  0.00424548  0.01265925  0.00459456
  0.02602795 -0.00495913 -0.00250582 -0.024148    0.00226941  0.0071932
 -0.00776678  0.00189173 -0.01262504  0.00154375 -0.00107977 -0.00449175
  0.0051313  -0.01212333 -0.03064818  0.01559648  0.00017364 -0.01365751
 -0.0010658   0.00192116 -0.00339578 -0.00069095  0.00962891 -0.02131767
  0.00960509  0.00860063  0.00183594 -0.02395787  0.00871122  0.01427474
 -0.01177815  0.00628742 -0.02161797 -0.00359547 -0.01125187 -0.01741657
 -0.00741012 -0.03022608  0.01402326 -0.02235495  0.00920879 -0.01988551
  0.00180834  0.00409148 -0.01409871  0.02866611 -0.03250623 -0.02335983
 -0.00252285 -0.00639733 -0.01175127  0.01311861  0.00162767 -0.00741817
  0.01919901 -0.01316738 -0.00106181  0.01225877 -0.01150615 -0.00558248
 -0.00632347  0.00281537 -0.00014231  0.00832598 -0.01621922  0.00107918
  0.0016729   0.00155493 -0.02276216  0.01815579  0.012025   -0.01884433
 -0.00480514  0.00487905 -0.00607775  0.02488874 -0.00188334 -0.01041643
  0.00494989 -0.01333115 -0.01922006 -0.00208356 -0.00239774 -0.00048526
  0.00054716  0.00689947 -0.00104093  0.01412003 -0.00439046 -0.00019687
 -0.00213983  0.00932388 -0.00656696 -0.00166615 -0.00812197  0.01282615
  0.00877798  0.00353174 -0.00449597  0.01374343 -0.00483907 -0.01677643
 -0.00412375  0.00891154 -0.0088509   0.00980245 -0.02900241 -0.0216604
 -0.01678392 -0.00699696 -0.00318454  0.0007827   0.01256917 -0.00414572
 -0.00509557  0.00319414 -0.00329144 -0.00190164  0.00086394 -0.00227434
 -0.0160329   0.00197264 -0.00587599 -0.00087433  0.01996184 -0.0085905
 -0.00352709  0.00723777  0.00862786  0.01088508  0.01179949  0.00235965
  0.01094614 -0.00753838 -0.02022202  0.00864838 -0.00330966  0.00909195
 -0.0173995   0.01809489  0.00795856  0.00159906 -0.00669453 -0.01655083
  0.0126969   0.00755415]
A0A021WZA4 [ -7.97641370e-03   4.72776219e-03   3.75214219e-03   1.80485216e-03
   3.65982577e-03  -2.93048657e-03  -1.73309492e-03  -3.42540676e-03
   1.46527495e-03   5.42679662e-03  -7.38931587e-03   1.46836555e-03
   3.79522610e-03  -8.92637856e-03  -5.68877440e-03  -3.70790856e-03
   4.46823286e-03  -3.25980759e-03  -1.09642083e-02   1.46218119e-02
  -1.08345021e-02   1.71110081e-03   1.12684015e-02   3.83151555e-03
   9.16577782e-03  -4.75243665e-03  -5.14085544e-03  -3.95494699e-03
   2.84511317e-03   6.33441005e-03  -6.07999740e-04  -8.66907369e-03
   2.40719877e-04   4.27852850e-03   4.29595821e-03   8.67729168e-03
  -9.30217095e-04  -9.54525825e-03   5.93013456e-03  -3.27616674e-03
   1.69132780e-02  -1.46038854e-03  -5.60734142e-03  -1.28674647e-02
   2.04160018e-03   7.32873566e-04  -1.44540519e-03  -2.84487731e-03
  -3.01861390e-03  -2.94110645e-03   4.65560891e-03  -2.00450979e-03
   3.68943159e-03  -8.43141600e-03  -1.13626709e-04  -5.86481299e-03
   4.41550324e-03   7.85449520e-05  -7.72260455e-03   3.80594446e-03
  -8.30281060e-03  -6.63490593e-03   5.38294204e-03   2.61283433e-03
  -6.44148234e-03   1.62986219e-02   6.49453001e-03  -3.42357671e-03
   1.80138787e-03   3.20194429e-03   4.25752532e-03   3.72722675e-03
  -6.54018624e-03   1.08922448e-03   8.45275167e-03  -9.71258804e-03
  -6.00230414e-05   8.24552774e-03  -2.60384707e-03  -5.53131197e-03
   8.43180716e-03   3.49964621e-03  -4.22442425e-03  -1.10859368e-02
   6.42714603e-03  -2.91468413e-03   1.06058065e-02  -2.13323697e-03
   1.11907069e-02  -3.19255167e-04   6.98102918e-03   6.54797908e-03
  -4.42067580e-03   1.04786456e-02  -1.29155454e-03   4.66307718e-03
  -4.26014327e-03  -1.17273768e-03   3.07923136e-03  -1.06081264e-02
   1.30070252e-02   9.11438558e-03  -4.02653124e-04   1.54335564e-03
   1.63049586e-02  -1.29936188e-02   2.72801379e-03   1.11051407e-02
  -1.49443112e-02   3.34052369e-04  -3.37937428e-03   5.77716203e-03
  -5.94352721e-04   8.01284099e-04   1.02613522e-02   9.41209029e-04
   3.76845105e-03  -6.24583615e-03   1.01165520e-02  -6.18288945e-03
  -1.80501631e-03  -3.63015570e-05   1.67461904e-03  -3.80543666e-03
  -4.26107598e-03   8.94921646e-03   1.32939257e-02  -2.72980914e-03
  -1.93703361e-03  -7.69830868e-03  -2.39571137e-03   6.46178564e-03
   8.58724955e-03   1.65623252e-03   6.23166002e-03  -4.01299773e-03
  -3.52449249e-03   2.39813654e-03  -4.45385370e-03   2.42039748e-03
  -2.23391945e-03  -4.84693376e-03   8.95042438e-03  -3.80313792e-03
  -1.35119865e-03  -2.02597380e-02   4.67509404e-03   3.32799973e-04
  -6.31972915e-03   2.23597442e-03   6.84405444e-04  -4.18253103e-03
  -1.02489991e-02  -4.99516260e-03   1.51679176e-03   1.18977772e-02
   3.24465754e-03   7.52622355e-03   1.28278956e-02   1.19566699e-04
   3.35975923e-03   2.97748647e-03   9.52465646e-03   5.59441373e-03
  -7.43729016e-03  -5.49757667e-03  -4.94089397e-03   4.92598861e-03
  -3.90662206e-03  -7.51888729e-05   1.65007859e-02  -4.55276901e-03
  -8.35379492e-03   1.65452214e-03   9.47728567e-03   3.82599421e-04
  -1.19372047e-02  -5.52197685e-03  -1.06148673e-02  -2.16018199e-03
   2.12642970e-03   4.54790005e-03  -6.31983206e-03   2.72918865e-03
   6.55868417e-03   3.08765890e-03   3.61405336e-03  -3.73873697e-03
   2.60788109e-03  -7.73915602e-03   6.63094595e-03  -1.10607045e-02
   3.07358243e-03  -1.17747970e-02  -1.06394906e-02  -4.92007798e-03
   6.38456782e-04   3.95951793e-03   1.15722383e-03   9.31457523e-03]
